<?xml version="1.0" encoding="UTF-8"?>
<!-- Generated by org.testng.reporters.JUnitReportReporter -->
<testsuite hostname="DESKTOP-PDU1TCK" failures="0" tests="1" name="tutorialNinjaPOM.tests.AccountTests" time="8.483" errors="0" timestamp="2024-11-18T18:02:33 IST" skipped="0">
  <testcase classname="tutorialNinjaPOM.tests.AccountTests" name="tc01_CheckwishList" time="8.483"/>
  <system-out/>
</testsuite> <!-- tutorialNinjaPOM.tests.AccountTests -->
