<?xml version="1.0" encoding="UTF-8"?>
<!-- Generated by org.testng.reporters.JUnitReportReporter -->
<testsuite hostname="DESKTOP-PDU1TCK" failures="0" tests="1" name="tutorialNinjaPOM.tests.AccountTests" time="9.615" errors="0" timestamp="2024-11-21T17:52:13 IST" skipped="0">
  <testcase classname="tutorialNinjaPOM.tests.AccountTests" name="tc01_CheckwishList" time="9.615"/>
  <system-out/>
</testsuite> <!-- tutorialNinjaPOM.tests.AccountTests -->
