<?xml version="1.0" encoding="UTF-8"?>
<!-- Generated by org.testng.reporters.JUnitReportReporter -->
<testsuite hostname="DESKTOP-PDU1TCK" failures="0" tests="4" name="tutorialNinjaPOM.tests.CartBurgerTests" time="15.587" errors="0" timestamp="2024-11-18T18:02:33 IST" skipped="0">
  <testcase classname="tutorialNinjaPOM.tests.CartBurgerTests" name="tc04_BurgerAddSimpleEchoCheck" time="11.248"/>
  <system-out/>
  <testcase classname="tutorialNinjaPOM.tests.CartBurgerTests" name="tc01_correctLinkCart" time="1.650"/>
  <system-out/>
  <testcase classname="tutorialNinjaPOM.tests.CartBurgerTests" name="tc03_removeLastItem" time="0.752"/>
  <system-out/>
  <testcase classname="tutorialNinjaPOM.tests.CartBurgerTests" name="tc02_correctLinkCheckout" time="1.937"/>
  <system-out/>
</testsuite> <!-- tutorialNinjaPOM.tests.CartBurgerTests -->
