<?xml version="1.0" encoding="UTF-8"?>
<!-- Generated by org.testng.reporters.JUnitReportReporter -->
<testsuite hostname="DESKTOP-PDU1TCK" failures="0" tests="4" name="tutorialNinjaPOM.tests.CartBurgerTests" time="14.652" errors="0" timestamp="2024-11-21T17:52:13 IST" skipped="0">
  <testcase classname="tutorialNinjaPOM.tests.CartBurgerTests" name="tc02_correctLinkCheckout" time="2.225"/>
  <system-out/>
  <testcase classname="tutorialNinjaPOM.tests.CartBurgerTests" name="tc03_removeLastItem" time="0.486"/>
  <system-out/>
  <testcase classname="tutorialNinjaPOM.tests.CartBurgerTests" name="tc04_BurgerAddSimpleEchoCheck" time="10.188"/>
  <system-out/>
  <testcase classname="tutorialNinjaPOM.tests.CartBurgerTests" name="tc01_correctLinkCart" time="1.753"/>
  <system-out/>
</testsuite> <!-- tutorialNinjaPOM.tests.CartBurgerTests -->
