<?xml version="1.0" encoding="UTF-8"?>
<!-- Generated by org.testng.reporters.JUnitReportReporter -->
<testsuite hostname="DESKTOP-PDU1TCK" failures="0" tests="14" name="tutorialNinjaPOM.tests.RegisterLoginTests" time="31.639" errors="0" timestamp="2024-11-18T18:02:33 IST" skipped="0">
  <testcase classname="tutorialNinjaPOM.tests.RegisterLoginTests" name="tc06_AddItemUnlogged" time="3.281"/>
  <system-out/>
  <testcase classname="tutorialNinjaPOM.tests.RegisterLoginTests" name="tc02_InvaildLogin" time="1.178"/>
  <system-out/>
  <testcase classname="tutorialNinjaPOM.tests.RegisterLoginTests" name="tc03_InvaildRegister" time="2.500"/>
  <system-out/>
  <testcase classname="tutorialNinjaPOM.tests.RegisterLoginTests" name="tc02_InvaildLogin" time="1.332"/>
  <system-out/>
  <testcase classname="tutorialNinjaPOM.tests.RegisterLoginTests" name="tc03_InvaildRegister" time="2.815"/>
  <system-out/>
  <testcase classname="tutorialNinjaPOM.tests.RegisterLoginTests" name="tc07_VaildRegister" time="4.728"/>
  <system-out/>
  <testcase classname="tutorialNinjaPOM.tests.RegisterLoginTests" name="tc03_InvaildRegister" time="3.544"/>
  <system-out/>
  <testcase classname="tutorialNinjaPOM.tests.RegisterLoginTests" name="tc03_InvaildRegister" time="2.484"/>
  <system-out/>
  <testcase classname="tutorialNinjaPOM.tests.RegisterLoginTests" name="tc02_InvaildLogin" time="1.346"/>
  <system-out/>
  <testcase classname="tutorialNinjaPOM.tests.RegisterLoginTests" name="tc04_VaildLogin" time="2.290"/>
  <system-out/>
  <testcase classname="tutorialNinjaPOM.tests.RegisterLoginTests" name="tc01_UnloggedInasseablePages" time="0.622"/>
  <system-out/>
  <testcase classname="tutorialNinjaPOM.tests.RegisterLoginTests" name="tc05_LoginURLRedirectedWhenLoggedState" time="0.970"/>
  <system-out/>
  <testcase classname="tutorialNinjaPOM.tests.RegisterLoginTests" name="tc02_InvaildLogin" time="2.453"/>
  <system-out/>
  <testcase classname="tutorialNinjaPOM.tests.RegisterLoginTests" name="tc03_InvaildRegister" time="2.096"/>
  <system-out/>
</testsuite> <!-- tutorialNinjaPOM.tests.RegisterLoginTests -->
