<?xml version="1.0" encoding="UTF-8"?>
<!-- Generated by org.testng.reporters.JUnitReportReporter -->
<testsuite hostname="DESKTOP-PDU1TCK" failures="0" tests="10" name="tutorialNinjaPOM.tests.CartPageTests" time="41.543" errors="0" timestamp="2024-11-18T18:02:33 IST" skipped="0">
  <testcase classname="tutorialNinjaPOM.tests.CartPageTests" name="tc99_ContiuneShopping" time="1.423"/>
  <system-out/>
  <testcase classname="tutorialNinjaPOM.tests.CartPageTests" name="tc07_CouponInvaild" time="2.940"/>
  <system-out/>
  <testcase classname="tutorialNinjaPOM.tests.CartPageTests" name="tc04_ItemsCheckTotalSumShipless" time="0.300"/>
  <system-out/>
  <testcase classname="tutorialNinjaPOM.tests.CartPageTests" name="tc06_VoucherInvaild" time="4.363"/>
  <system-out/>
  <testcase classname="tutorialNinjaPOM.tests.CartPageTests" name="tc02_ItemsTotalPrice" time="2.016"/>
  <system-out/>
  <testcase classname="tutorialNinjaPOM.tests.CartPageTests" name="tc01_ItemsEcho" time="0.595"/>
  <system-out/>
  <testcase classname="tutorialNinjaPOM.tests.CartPageTests" name="tc03_ItemsModifyCount" time="7.387"/>
  <system-out/>
  <testcase classname="tutorialNinjaPOM.tests.CartPageTests" name="tc09_ShippingCheck" time="9.581"/>
  <system-out/>
  <testcase classname="tutorialNinjaPOM.tests.CartPageTests" name="tc05_ItemsModifyCount" time="5.539"/>
  <system-out/>
  <testcase classname="tutorialNinjaPOM.tests.CartPageTests" name="tc08_ShippingMethodUnchecked" time="7.399"/>
  <system-out/>
</testsuite> <!-- tutorialNinjaPOM.tests.CartPageTests -->
