<?xml version="1.0" encoding="UTF-8"?>
<!-- Generated by org.testng.reporters.JUnitReportReporter -->
<testsuite hostname="DESKTOP-PDU1TCK" failures="0" tests="6" name="tutorialNinjaPOM.tests.SearchTests" time="9.504" errors="0" timestamp="2024-11-21T17:52:13 IST" skipped="0">
  <testcase classname="tutorialNinjaPOM.tests.SearchTests" name="tc01_emptySearch" time="1.182"/>
  <system-out/>
  <testcase classname="tutorialNinjaPOM.tests.SearchTests" name="tc03_SearchFilterNonDesc" time="1.090"/>
  <system-out/>
  <testcase classname="tutorialNinjaPOM.tests.SearchTests" name="tc03_SearchFilterNonDesc" time="2.654"/>
  <system-out/>
  <testcase classname="tutorialNinjaPOM.tests.SearchTests" name="tc03_SearchFilterNonDesc" time="1.661"/>
  <system-out/>
  <testcase classname="tutorialNinjaPOM.tests.SearchTests" name="tc03_SearchFilterNonDesc" time="1.236"/>
  <system-out/>
  <testcase classname="tutorialNinjaPOM.tests.SearchTests" name="tc02_subCategoryButtonDisableEnable" time="1.681"/>
  <system-out/>
</testsuite> <!-- tutorialNinjaPOM.tests.SearchTests -->
