<?xml version="1.0" encoding="UTF-8"?>
<!-- Generated by org.testng.reporters.JUnitReportReporter -->
<testsuite hostname="DESKTOP-PDU1TCK" failures="0" tests="6" name="tutorialNinjaPOM.tests.URLTests" time="6.263" errors="0" timestamp="2024-11-18T18:02:33 IST" skipped="0">
  <testcase classname="tutorialNinjaPOM.tests.URLTests" name="tc02_invaildRoutes" time="1.408"/>
  <system-out/>
  <testcase classname="tutorialNinjaPOM.tests.URLTests" name="tc02_invaildRoutes" time="1.283"/>
  <system-out/>
  <testcase classname="tutorialNinjaPOM.tests.URLTests" name="tc03_SearchEmpty" time="0.481"/>
  <system-out/>
  <testcase classname="tutorialNinjaPOM.tests.URLTests" name="tc02_invaildRoutes" time="1.419"/>
  <system-out/>
  <testcase classname="tutorialNinjaPOM.tests.URLTests" name="tc02_invaildRoutes" time="1.104"/>
  <system-out/>
  <testcase classname="tutorialNinjaPOM.tests.URLTests" name="tc01_defaultRoutes" time="0.568"/>
  <system-out/>
</testsuite> <!-- tutorialNinjaPOM.tests.URLTests -->
