<?xml version="1.0" encoding="UTF-8"?>
<!-- Generated by org.testng.reporters.JUnitReportReporter -->
<testsuite hostname="DESKTOP-PDU1TCK" failures="0" tests="6" name="tutorialNinjaPOM.tests.URLTests" time="5.803" errors="0" timestamp="2024-11-21T17:52:13 IST" skipped="0">
  <testcase classname="tutorialNinjaPOM.tests.URLTests" name="tc01_defaultRoutes" time="0.512"/>
  <system-out/>
  <testcase classname="tutorialNinjaPOM.tests.URLTests" name="tc02_invaildRoutes" time="1.191"/>
  <system-out/>
  <testcase classname="tutorialNinjaPOM.tests.URLTests" name="tc02_invaildRoutes" time="1.260"/>
  <system-out/>
  <testcase classname="tutorialNinjaPOM.tests.URLTests" name="tc02_invaildRoutes" time="1.183"/>
  <system-out/>
  <testcase classname="tutorialNinjaPOM.tests.URLTests" name="tc03_SearchEmpty" time="0.502"/>
  <system-out/>
  <testcase classname="tutorialNinjaPOM.tests.URLTests" name="tc02_invaildRoutes" time="1.155"/>
  <system-out/>
</testsuite> <!-- tutorialNinjaPOM.tests.URLTests -->
