<?xml version="1.0" encoding="UTF-8"?>
<!-- Generated by org.testng.reporters.JUnitReportReporter -->
<testsuite hostname="DESKTOP-PDU1TCK" failures="0" tests="6" name="tutorialNinjaPOM.tests.SearchTests" time="9.767" errors="0" timestamp="2024-11-18T18:02:33 IST" skipped="0">
  <testcase classname="tutorialNinjaPOM.tests.SearchTests" name="tc03_SearchFilterNonDesc" time="2.156"/>
  <system-out/>
  <testcase classname="tutorialNinjaPOM.tests.SearchTests" name="tc01_emptySearch" time="0.826"/>
  <system-out/>
  <testcase classname="tutorialNinjaPOM.tests.SearchTests" name="tc03_SearchFilterNonDesc" time="2.350"/>
  <system-out/>
  <testcase classname="tutorialNinjaPOM.tests.SearchTests" name="tc02_subCategoryButtonDisableEnable" time="1.301"/>
  <system-out/>
  <testcase classname="tutorialNinjaPOM.tests.SearchTests" name="tc03_SearchFilterNonDesc" time="1.575"/>
  <system-out/>
  <testcase classname="tutorialNinjaPOM.tests.SearchTests" name="tc03_SearchFilterNonDesc" time="1.559"/>
  <system-out/>
</testsuite> <!-- tutorialNinjaPOM.tests.SearchTests -->
