<?xml version="1.0" encoding="UTF-8"?>
<!-- Generated by org.testng.reporters.JUnitReportReporter -->
<testsuite hostname="DESKTOP-PDU1TCK" failures="0" tests="14" name="tutorialNinjaPOM.tests.RegisterLoginTests" time="34.102" errors="0" timestamp="2024-11-21T17:52:13 IST" skipped="0">
  <testcase classname="tutorialNinjaPOM.tests.RegisterLoginTests" name="tc03_InvaildRegister" time="2.869"/>
  <system-out/>
  <testcase classname="tutorialNinjaPOM.tests.RegisterLoginTests" name="tc02_InvaildLogin" time="1.574"/>
  <system-out/>
  <testcase classname="tutorialNinjaPOM.tests.RegisterLoginTests" name="tc04_VaildLogin" time="1.957"/>
  <system-out/>
  <testcase classname="tutorialNinjaPOM.tests.RegisterLoginTests" name="tc02_InvaildLogin" time="1.483"/>
  <system-out/>
  <testcase classname="tutorialNinjaPOM.tests.RegisterLoginTests" name="tc03_InvaildRegister" time="2.946"/>
  <system-out/>
  <testcase classname="tutorialNinjaPOM.tests.RegisterLoginTests" name="tc02_InvaildLogin" time="1.645"/>
  <system-out/>
  <testcase classname="tutorialNinjaPOM.tests.RegisterLoginTests" name="tc03_InvaildRegister" time="3.063"/>
  <system-out/>
  <testcase classname="tutorialNinjaPOM.tests.RegisterLoginTests" name="tc07_VaildRegister" time="4.857"/>
  <system-out/>
  <testcase classname="tutorialNinjaPOM.tests.RegisterLoginTests" name="tc05_LoginURLRedirectedWhenLoggedState" time="0.782"/>
  <system-out/>
  <testcase classname="tutorialNinjaPOM.tests.RegisterLoginTests" name="tc02_InvaildLogin" time="1.558"/>
  <system-out/>
  <testcase classname="tutorialNinjaPOM.tests.RegisterLoginTests" name="tc03_InvaildRegister" time="3.609"/>
  <system-out/>
  <testcase classname="tutorialNinjaPOM.tests.RegisterLoginTests" name="tc01_UnloggedInasseablePages" time="0.807"/>
  <system-out/>
  <testcase classname="tutorialNinjaPOM.tests.RegisterLoginTests" name="tc06_AddItemUnlogged" time="3.397"/>
  <system-out/>
  <testcase classname="tutorialNinjaPOM.tests.RegisterLoginTests" name="tc03_InvaildRegister" time="3.555"/>
  <system-out/>
</testsuite> <!-- tutorialNinjaPOM.tests.RegisterLoginTests -->
